<?xml version="1.0" encoding="UTF-8"?>
<!-- Generated by org.testng.reporters.JUnitReportReporter -->
<testsuite hostname="DESKTOP-HNCM05E" failures="0" tests="4" name="Test.operations" time="1.091" errors="0" timestamp="2022-11-08T11:55:36 IST" skipped="0">
  <testcase classname="Test.operations" name="title" time="0.076"/>
  <system-out/>
  <testcase classname="Test.operations" name="geturl" time="0.013"/>
  <system-out/>
  <testcase classname="Test.operations" name="dropdown" time="0.393"/>
  <system-out/>
  <testcase classname="Test.operations" name="screenshot" time="0.609"/>
  <system-out/>
</testsuite> <!-- Test.operations -->
