<?xml version="1.0" encoding="UTF-8"?>
<!-- Generated by org.testng.reporters.JUnitReportReporter -->
<testsuite hostname="DESKTOP-HNCM05E" failures="0" tests="5" name="Test.task2" time="7.526" errors="0" timestamp="2022-11-08T09:59:27 IST" skipped="0">
  <testcase classname="Test.task2" name="open_browser" time="5.912"/>
  <system-out/>
  <testcase classname="Test.task2" name="getTitle" time="0.088"/>
  <system-out/>
  <testcase classname="Test.task2" name="getCurrentUrl" time="0.023"/>
  <system-out/>
  <testcase classname="Test.task2" name="Screenshots" time="1.186"/>
  <system-out/>
  <testcase classname="Test.task2" name="close" time="0.317"/>
  <system-out/>
</testsuite> <!-- Test.task2 -->
