<?xml version="1.0" encoding="UTF-8"?>
<!-- Generated by org.testng.reporters.JUnitReportReporter -->
<testsuite hostname="DESKTOP-HNCM05E" failures="0" tests="6" name="Test.task1" time="0.032" errors="0" timestamp="2022-11-08T09:41:28 IST" skipped="1">
  <testcase classname="Test.task1" name="open_browser" time="0.018"/>
  <system-out/>
  <testcase classname="Test.task1" name="paymentdetails" time="0.003"/>
  <system-out/>
  <testcase classname="Test.task1" name="feedbackprocess" time="0.004"/>
  <system-out/>
  <testcase classname="Test.task1" name="Customerdetails" time="0.003"/>
  <system-out/>
  <testcase classname="Test.task1" name="logoff" time="0.004"/>
  <system-out/>
  <testcase classname="Test.task1" name="deliveryprocess">
    <skipped/>
  </testcase> <!-- deliveryprocess -->
  <system-out/>
</testsuite> <!-- Test.task1 -->
